<?xml version="1.0" encoding="UTF-8"?>
<!-- Generated by org.testng.reporters.JUnitReportReporter -->
<testsuite skipped="0" hostname="DESKTOP-GQ1E8EA" name="tests.TestNGParameters" tests="1" failures="0" timestamp="2019-12-28T01:36:34 EST" time="0.001" errors="0">
  <testcase name="login" time="0.001" classname="tests.TestNGParameters"/>
</testsuite> <!-- tests.TestNGParameters -->
