<?xml version="1.0" encoding="UTF-8"?>
<!-- Generated by org.testng.reporters.JUnitReportReporter -->
<testsuite skipped="0" hostname="DESKTOP-GQ1E8EA" name="tests.RegisterFormTest" tests="3" failures="0" timestamp="2019-12-29T17:34:14 EST" time="47.954" errors="0">
  <testcase name="registerFormTest" time="15.643" classname="tests.RegisterFormTest"/>
  <testcase name="registerFormTest" time="16.001" classname="tests.RegisterFormTest"/>
  <testcase name="registerFormTest" time="16.310" classname="tests.RegisterFormTest"/>
</testsuite> <!-- tests.RegisterFormTest -->
