<?xml version="1.0" encoding="UTF-8"?>
<!-- Generated by org.testng.reporters.JUnitReportReporter -->
<testsuite skipped="2" hostname="DESKTOP-GQ1E8EA" name="tests.TestNGClassPractice" tests="5" failures="0" timestamp="2019-12-28T01:36:34 EST" time="0.004" errors="0">
  <testcase name="testFour" time="0.002" classname="tests.TestNGClassPractice"/>
  <testcase name="testFive" time="0.001" classname="tests.TestNGClassPractice"/>
  <testcase name="testOne" time="0.001" classname="tests.TestNGClassPractice"/>
  <testcase name="testThree" classname="tests.TestNGClassPractice">
    <skipped/>
  </testcase> <!-- testThree -->
  <testcase name="testTwo" classname="tests.TestNGClassPractice">
    <skipped/>
  </testcase> <!-- testTwo -->
</testsuite> <!-- tests.TestNGClassPractice -->
