<?xml version="1.0" encoding="UTF-8"?>
<!-- Generated by org.testng.reporters.JUnitReportReporter -->
<testsuite skipped="1" hostname="DESKTOP-GQ1E8EA" name="tests.TestNGBasics" tests="3" failures="0" timestamp="2019-12-23T20:07:15 EST" time="0.008" errors="0">
  <testcase name="testFirst" time="0.005" classname="tests.TestNGBasics"/>
  <testcase name="testSecond" time="0.003" classname="tests.TestNGBasics"/>
  <testcase name="testThird" classname="tests.TestNGBasics">
    <skipped/>
  </testcase> <!-- testThird -->
</testsuite> <!-- tests.TestNGBasics -->
