<?xml version="1.0" encoding="UTF-8"?>
<!-- Generated by org.testng.reporters.JUnitReportReporter -->
<testsuite skipped="0" hostname="DESKTOP-GQ1E8EA" name="tests.TestEnvironment" tests="3" failures="0" timestamp="2019-12-29T17:32:15 EST" time="49.971" errors="0">
  <testcase name="testEnvironmentLogin" time="16.239" classname="tests.TestEnvironment"/>
  <testcase name="testEnvironmentLogin" time="17.291" classname="tests.TestEnvironment"/>
  <testcase name="testEnvironmentLogin" time="16.441" classname="tests.TestEnvironment"/>
</testsuite> <!-- tests.TestEnvironment -->
