<?xml version="1.0" encoding="UTF-8"?>
<!-- Generated by org.testng.reporters.JUnitReportReporter -->
<testsuite skipped="0" hostname="DESKTOP-GQ1E8EA" name="tests.DataProviderPractice" tests="4" failures="0" timestamp="2019-12-29T05:18:08 EST" time="0.012" errors="0">
  <testcase name="dataProviderTest" time="0.001" classname="tests.DataProviderPractice"/>
  <testcase name="dataProviderTest" time="0.009" classname="tests.DataProviderPractice"/>
  <testcase name="dataProviderTest" time="0.001" classname="tests.DataProviderPractice"/>
  <testcase name="dataProviderTest" time="0.001" classname="tests.DataProviderPractice"/>
</testsuite> <!-- tests.DataProviderPractice -->
