<?xml version="1.0" encoding="UTF-8"?>
<!-- Generated by org.testng.reporters.JUnitReportReporter -->
<testsuite skipped="1" hostname="DESKTOP-GQ1E8EA" name="tests.testNGBacics" tests="3" failures="0" timestamp="2019-12-23T19:44:17 EST" time="0.017" errors="0">
  <testcase name="f" time="0.012" classname="tests.testNGBacics"/>
  <testcase name="testSecond" time="0.005" classname="tests.testNGBacics"/>
  <testcase name="testThird" classname="tests.testNGBacics">
    <skipped/>
  </testcase> <!-- testThird -->
</testsuite> <!-- tests.testNGBacics -->
