<?xml version="1.0" encoding="UTF-8"?>
<!-- Generated by org.testng.reporters.JUnitReportReporter -->
<testsuite skipped="0" hostname="DESKTOP-GQ1E8EA" name="tests.LoginTest" tests="2" failures="0" timestamp="2019-12-28T01:36:34 EST" time="30.037" errors="0">
  <testcase name="loginToTestEnvironmentTest" time="14.156" classname="tests.LoginTest"/>
  <testcase name="loginToCanvasTest" time="15.881" classname="tests.LoginTest"/>
</testsuite> <!-- tests.LoginTest -->
